<?xml version="1.0" encoding="UTF-8"?>
<!-- Generated by org.testng.reporters.JUnitReportReporter -->
<testsuite hostname="SACHIN" name="com.gopromis.ScriptTest" tests="1" failures="0" timestamp="10 Oct 2012 13:56:40 GMT" time="32.315" errors="0">
  <testcase name="createEntityTest" time="32.315" classname="com.gopromis.ScriptTest"/>
</testsuite> <!-- com.gopromis.ScriptTest -->
